Copyright 1986-2021 Xilinx, Inc. All Rights Reserved.
--------------------------------------------------------------------------------------------------------
| Tool Version : Vivado v.2021.2 (win64) Build 3367213 Tue Oct 19 02:48:09 MDT 2021
| Date         : Sat May 14 21:46:41 2022
| Host         : DESKTOP-O59LNIU running 64-bit major release  (build 9200)
| Command      : upgrade_project -migrate_output_products
| Project_Path : F:/BaiduNetdiskDownload/ZYNQ_7020_FPGA/ZYNQ_7020_FPGA/7_ip_ram/ip_ram.xpr
--------------------------------------------------------------------------------------------------------

Project Status Summary

1. Project IP Status
--------------------
This project contains 2 IP and 0 Block Designs.


1.1 Project IP Instances
+---------------+-------------------------+-------------------------------------+-------------------------------------+
| Instance Name | Status                  | Reason                              | Recommendation                      |
+---------------+-------------------------+-------------------------------------+-------------------------------------+
| blk_mem_gen_0 | Will be Migrated.       |                                     |                                     |
+---------------+-------------------------+-------------------------------------+-------------------------------------+
| ila_0         | Will be Migrated.       |                                     |                                     |
+---------------+-------------------------+-------------------------------------+-------------------------------------+



